<?xml version="1.0" encoding="UTF-8"?>
<!-- Generated by org.testng.reporters.JUnitXMLReporter -->
<testsuite ignored="0" hostname="shubham-dhiman" failures="1" tests="2" name="Default test" time="24.225" errors="0" timestamp="2023-03-28T17:46:22 IST">
  <testcase classname="io.cucumber.testng.AbstractTestNGCucumberTests" name="runScenario" time="13.369"/>
  <testcase classname="io.cucumber.testng.AbstractTestNGCucumberTests" name="runScenario" time="0.696">
    <failure type="java.lang.AssertionError" message="Forcefully failed did not expect to find [true] but found [false]">
      <![CDATA[java.lang.AssertionError: Forcefully failed did not expect to find [true] but found [false]
at org.testng.Assert.fail(Assert.java:97)
at org.testng.Assert.failNotEquals(Assert.java:969)
at org.testng.Assert.assertTrue(Assert.java:43)
at pageObjects.LoginPage.failedscenrios(LoginPage.java:74)
at stepDefinations.LoginPageStepDef.verify_failure(LoginPageStepDef.java:35)
at âœ½.verify failure(file:///C:/Users/shubham.dhiman/eclipse-workspace/GitHubActionsDemo/src/test/java/Features/1.Login.feature:13)
]]>
    </failure>
  </testcase> <!-- runScenario -->
</testsuite> <!-- Default test -->
