<?xml version="1.0" encoding="UTF-8"?>
<testng-results ignored="0" total="2" passed="1" failed="1" skipped="0">
  <reporter-output>
  </reporter-output>
  <suite started-at="2023-03-28T17:45:58 IST" name="Default suite" finished-at="2023-03-28T17:46:22 IST" duration-ms="24225">
    <groups>
      <group name="cucumber">
        <method signature="AbstractTestNGCucumberTests.runScenario(io.cucumber.testng.PickleWrapper, io.cucumber.testng.FeatureWrapper)[pri:0, instance:cucumberOptions.TestRunner@4722ef0c]" name="runScenario" class="io.cucumber.testng.AbstractTestNGCucumberTests"/>
      </group> <!-- cucumber -->
    </groups>
    <test started-at="2023-03-28T17:45:58 IST" name="Default test" finished-at="2023-03-28T17:46:22 IST" duration-ms="24225">
      <class name="cucumberOptions.TestRunner">
        <test-method is-config="true" signature="setUpClass(org.testng.ITestContext)[pri:0, instance:cucumberOptions.TestRunner@4722ef0c]" started-at="2023-03-28T17:45:58 IST" name="setUpClass" finished-at="2023-03-28T17:45:59 IST" duration-ms="745" status="PASS">
          <params>
            <param index="0">
              <value>
                <![CDATA[org.testng.TestRunner@b3004e]]>
              </value>
            </param>
          </params>
          <reporter-output>
          </reporter-output>
        </test-method> <!-- setUpClass -->
        <test-method is-config="true" signature="startPoint()[pri:0, instance:cucumberOptions.TestRunner@4722ef0c]" started-at="2023-03-28T17:45:59 IST" name="startPoint" finished-at="2023-03-28T17:46:03 IST" duration-ms="4545" status="PASS">
          <reporter-output>
          </reporter-output>
        </test-method> <!-- startPoint -->
        <test-method signature="runScenario(io.cucumber.testng.PickleWrapper, io.cucumber.testng.FeatureWrapper)[pri:0, instance:cucumberOptions.TestRunner@4722ef0c]" started-at="2023-03-28T17:46:03 IST" name="runScenario" description="Runs Cucumber Scenarios" data-provider="scenarios" finished-at="2023-03-28T17:46:17 IST" duration-ms="13369" status="PASS">
          <params>
            <param index="0">
              <value>
                <![CDATA["Verify user logged in successfully"]]>
              </value>
            </param>
            <param index="1">
              <value>
                <![CDATA["Google naviagte"]]>
              </value>
            </param>
          </params>
          <reporter-output>
          </reporter-output>
        </test-method> <!-- runScenario -->
        <test-method signature="runScenario(io.cucumber.testng.PickleWrapper, io.cucumber.testng.FeatureWrapper)[pri:0, instance:cucumberOptions.TestRunner@4722ef0c]" started-at="2023-03-28T17:46:17 IST" name="runScenario" description="Runs Cucumber Scenarios" data-provider="scenarios" finished-at="2023-03-28T17:46:17 IST" duration-ms="696" status="FAIL">
          <params>
            <param index="0">
              <value>
                <![CDATA["Failed Scenario"]]>
              </value>
            </param>
            <param index="1">
              <value>
                <![CDATA["Google naviagte"]]>
              </value>
            </param>
          </params>
          <exception class="java.lang.AssertionError">
            <message>
              <![CDATA[Forcefully failed did not expect to find [true] but found [false]]]>
            </message>
            <full-stacktrace>
              <![CDATA[java.lang.AssertionError: Forcefully failed did not expect to find [true] but found [false]
at org.testng.Assert.fail(Assert.java:97)
at org.testng.Assert.failNotEquals(Assert.java:969)
at org.testng.Assert.assertTrue(Assert.java:43)
at pageObjects.LoginPage.failedscenrios(LoginPage.java:74)
at stepDefinations.LoginPageStepDef.verify_failure(LoginPageStepDef.java:35)
at âœ½.verify failure(file:///C:/Users/shubham.dhiman/eclipse-workspace/GitHubActionsDemo/src/test/java/Features/1.Login.feature:13)
]]>
            </full-stacktrace>
          </exception> <!-- java.lang.AssertionError -->
          <reporter-output>
          </reporter-output>
        </test-method> <!-- runScenario -->
        <test-method is-config="true" signature="endPoint()[pri:0, instance:cucumberOptions.TestRunner@4722ef0c]" started-at="2023-03-28T17:46:17 IST" name="endPoint" finished-at="2023-03-28T17:46:18 IST" duration-ms="539" status="PASS">
          <reporter-output>
          </reporter-output>
        </test-method> <!-- endPoint -->
        <test-method is-config="true" signature="tearDownClass()[pri:0, instance:cucumberOptions.TestRunner@4722ef0c]" started-at="2023-03-28T17:46:18 IST" name="tearDownClass" finished-at="2023-03-28T17:46:22 IST" duration-ms="4273" status="PASS">
          <reporter-output>
          </reporter-output>
        </test-method> <!-- tearDownClass -->
      </class> <!-- cucumberOptions.TestRunner -->
    </test> <!-- Default test -->
  </suite> <!-- Default suite -->
</testng-results>
