<?xml version="1.0" encoding="UTF-8"?>
<!-- Generated by org.testng.reporters.JUnitReportReporter -->
<testsuite hostname="shubham-dhiman" failures="1" tests="2" name="cucumberOptions.TestRunner" time="14.065" errors="0" timestamp="2023-03-28T17:46:23 IST" skipped="0">
  <testcase classname="cucumberOptions.TestRunner" name="runScenario" time="0.696">
    <failure message="Forcefully failed did not expect to find [true] but found [false]" type="java.lang.AssertionError">
      <![CDATA[java.lang.AssertionError: Forcefully failed did not expect to find [true] but found [false]
at org.testng.Assert.fail(Assert.java:97)
at org.testng.Assert.failNotEquals(Assert.java:969)
at org.testng.Assert.assertTrue(Assert.java:43)
at pageObjects.LoginPage.failedscenrios(LoginPage.java:74)
at stepDefinations.LoginPageStepDef.verify_failure(LoginPageStepDef.java:35)
at âœ½.verify failure(file:///C:/Users/shubham.dhiman/eclipse-workspace/GitHubActionsDemo/src/test/java/Features/1.Login.feature:13)
]]>
    </failure>
  </testcase> <!-- runScenario -->
  <testcase classname="cucumberOptions.TestRunner" name="runScenario" time="13.369"/>
</testsuite> <!-- cucumberOptions.TestRunner -->
